22:42:05 **** Incremental Build of configuration Release for project coffeecup_heater ****
make all 
Building file: ../main.c
Invoking: AVR Compiler
avr-gcc -Wall -Os -fpack-struct -fshort-enums -ffunction-sections -fdata-sections -std=gnu99 -funsigned-char -funsigned-bitfields -mmcu=attiny45 -DF_CPU=1000000UL -MMD -MP -MF"main.d" -MT"main.o" -c -o "main.o" "../main.c"
Finished building: ../main.c
 
Building target: coffeecup_heater.elf
Invoking: AVR C Linker
avr-gcc -Wl,-Map,coffeecup_heater.map -mmcu=attiny45 -o "coffeecup_heater.elf"  ./DS18B20.o ./main.o   
Finished building target: coffeecup_heater.elf
 
Invoking: AVR Create Extended Listing
avr-objdump -h -S coffeecup_heater.elf  >"coffeecup_heater.lss"
Finished building: coffeecup_heater.lss
 
Create Flash image (ihex format)
avr-objcopy -R .eeprom -R .fuse -R .lock -R .signature -O ihex coffeecup_heater.elf  "coffeecup_heater.hex"
Finished building: coffeecup_heater.hex
 
Create eeprom image (ihex format)
avr-objcopy -j .eeprom --no-change-warnings --change-section-lma .eeprom=0 -O ihex coffeecup_heater.elf  "coffeecup_heater.eep"
Finished building: coffeecup_heater.eep
 
Invoking: Print Size
avr-size --format=avr --mcu=attiny45 coffeecup_heater.elf
AVR Memory Usage
----------------
Device: attiny45

Program:     424 bytes (10.4% Full)
(.text + .data + .bootloader)

Data:          0 bytes (0.0% Full)
(.data + .bss + .noinit)


Finished building: sizedummy
 

22:42:05 Build Finished (took 201ms)

